0 info it worked if it ends with ok
1 verbose cli [ '/Users/Mike/.nvm/versions/node/v0.12.18/bin/node',
1 verbose cli   '/Users/Mike/.nvm/versions/node/v0.12.18/bin/npm',
1 verbose cli   'start' ]
2 info using npm@2.15.11
3 info using node@v0.12.18
4 verbose stack Error: missing script: start
4 verbose stack     at run (/Users/Mike/.nvm/versions/node/v0.12.18/lib/node_modules/npm/lib/run-script.js:142:19)
4 verbose stack     at /Users/Mike/.nvm/versions/node/v0.12.18/lib/node_modules/npm/lib/run-script.js:58:5
4 verbose stack     at /Users/Mike/.nvm/versions/node/v0.12.18/lib/node_modules/npm/node_modules/read-package-json/read-json.js:356:5
4 verbose stack     at checkBinReferences_ (/Users/Mike/.nvm/versions/node/v0.12.18/lib/node_modules/npm/node_modules/read-package-json/read-json.js:320:45)
4 verbose stack     at final (/Users/Mike/.nvm/versions/node/v0.12.18/lib/node_modules/npm/node_modules/read-package-json/read-json.js:354:3)
4 verbose stack     at then (/Users/Mike/.nvm/versions/node/v0.12.18/lib/node_modules/npm/node_modules/read-package-json/read-json.js:124:5)
4 verbose stack     at /Users/Mike/.nvm/versions/node/v0.12.18/lib/node_modules/npm/node_modules/read-package-json/read-json.js:311:12
4 verbose stack     at /Users/Mike/.nvm/versions/node/v0.12.18/lib/node_modules/npm/node_modules/graceful-fs/graceful-fs.js:78:16
4 verbose stack     at fs.js:334:14
4 verbose stack     at /Users/Mike/.nvm/versions/node/v0.12.18/lib/node_modules/npm/node_modules/graceful-fs/graceful-fs.js:43:10
5 verbose cwd /Users/Mike/apoc
6 error Darwin 16.0.0
7 error argv "/Users/Mike/.nvm/versions/node/v0.12.18/bin/node" "/Users/Mike/.nvm/versions/node/v0.12.18/bin/npm" "start"
8 error node v0.12.18
9 error npm  v2.15.11
10 error missing script: start
11 error If you need help, you may report this error at:
11 error     <https://github.com/npm/npm/issues>
12 verbose exit [ 1, true ]
